<?xml version="1.0" encoding="UTF-8"?>
<!-- Generated by org.testng.reporters.JUnitReportReporter -->
<testsuite hostname="DESKTOP-3MJQDPU" failures="0" tests="2" name="com.fb.qa.Testcases.loginpagetest" time="35.631" errors="0" timestamp="2023-05-13T09:07:46 IST" skipped="0">
  <testcase classname="com.fb.qa.Testcases.loginpagetest" name="userlogin" time="22.497"/>
  <system-out/>
  <testcase classname="com.fb.qa.Testcases.loginpagetest" name="title" time="13.134"/>
  <system-out/>
</testsuite> <!-- com.fb.qa.Testcases.loginpagetest -->
